Copyright 1986-2019 Xilinx, Inc. All Rights Reserved.
------------------------------------------------------------------------------------
| Tool Version : Vivado v.2019.2 (win64) Build 2708876 Wed Nov  6 21:40:23 MST 2019
| Date         : Sat May  2 18:09:13 2020
| Host         : DESKTOP-BJ5EQ9A running 64-bit major release  (build 9200)
| Command      : report_timing_summary -file ./report/fp_sop_timing_synth.rpt
| Design       : bd_0_wrapper
| Device       : 7a100t-csg324
| Speed File   : -1  PRODUCTION 1.23 2018-06-13
------------------------------------------------------------------------------------

Timing Summary Report

------------------------------------------------------------------------------------------------
| Timer Settings
| --------------
------------------------------------------------------------------------------------------------

  Enable Multi Corner Analysis               :  Yes
  Enable Pessimism Removal                   :  Yes
  Pessimism Removal Resolution               :  Nearest Common Node
  Enable Input Delay Default Clock           :  No
  Enable Preset / Clear Arcs                 :  No
  Disable Flight Delays                      :  No
  Ignore I/O Paths                           :  No
  Timing Early Launch at Borrowing Latches   :  No
  Borrow Time for Max Delay Exceptions       :  Yes
  Merge Timing Exceptions                    :  Yes

  Corner  Analyze    Analyze    
  Name    Max Paths  Min Paths  
  ------  ---------  ---------  
  Slow    Yes        Yes        
  Fast    Yes        Yes        



check_timing report

Table of Contents
-----------------
1. checking no_clock
2. checking constant_clock
3. checking pulse_width_clock
4. checking unconstrained_internal_endpoints
5. checking no_input_delay
6. checking no_output_delay
7. checking multiple_clock
8. checking generated_clocks
9. checking loops
10. checking partial_input_delay
11. checking partial_output_delay
12. checking latch_loops

1. checking no_clock
--------------------
 There are 0 register/latch pins with no clock.


2. checking constant_clock
--------------------------
 There are 0 register/latch pins with constant_clock.


3. checking pulse_width_clock
-----------------------------
 There are 0 register/latch pins which need pulse_width check


4. checking unconstrained_internal_endpoints
--------------------------------------------
 There are 0 pins that are not constrained for maximum delay.

 There are 0 pins that are not constrained for maximum delay due to constant clock.


5. checking no_input_delay
--------------------------
 There are 786 input ports with no input delay specified. (HIGH)

 There are 0 input ports with no input delay but user has a false path constraint.


6. checking no_output_delay
---------------------------
 There are 19 ports with no output delay specified. (HIGH)

 There are 0 ports with no output delay but user has a false path constraint

 There are 0 ports with no output delay but with a timing clock defined on it or propagating through it


7. checking multiple_clock
--------------------------
 There are 0 register/latch pins with multiple clocks.


8. checking generated_clocks
----------------------------
 There are 0 generated clocks that are not connected to a clock source.


9. checking loops
-----------------
 There are 0 combinational loops in the design.


10. checking partial_input_delay
--------------------------------
 There are 0 input ports with partial input delay specified.


11. checking partial_output_delay
---------------------------------
 There are 0 ports with partial output delay specified.


12. checking latch_loops
------------------------
 There are 0 combinational latch loops in the design through latch input



------------------------------------------------------------------------------------------------
| Design Timing Summary
| ---------------------
------------------------------------------------------------------------------------------------

    WNS(ns)      TNS(ns)  TNS Failing Endpoints  TNS Total Endpoints      WHS(ns)      THS(ns)  THS Failing Endpoints  THS Total Endpoints     WPWS(ns)     TPWS(ns)  TPWS Failing Endpoints  TPWS Total Endpoints  
    -------      -------  ---------------------  -------------------      -------      -------  ---------------------  -------------------     --------     --------  ----------------------  --------------------  
      3.502        0.000                      0                  424        0.303        0.000                      0                  424        4.500        0.000                       0                   154  


All user specified timing constraints are met.


------------------------------------------------------------------------------------------------
| Clock Summary
| -------------
------------------------------------------------------------------------------------------------

Clock   Waveform(ns)       Period(ns)      Frequency(MHz)
-----   ------------       ----------      --------------
ap_clk  {0.000 5.000}      10.000          100.000         


------------------------------------------------------------------------------------------------
| Intra Clock Table
| -----------------
------------------------------------------------------------------------------------------------

Clock             WNS(ns)      TNS(ns)  TNS Failing Endpoints  TNS Total Endpoints      WHS(ns)      THS(ns)  THS Failing Endpoints  THS Total Endpoints     WPWS(ns)     TPWS(ns)  TPWS Failing Endpoints  TPWS Total Endpoints  
-----             -------      -------  ---------------------  -------------------      -------      -------  ---------------------  -------------------     --------     --------  ----------------------  --------------------  
ap_clk              3.502        0.000                      0                  424        0.303        0.000                      0                  424        4.500        0.000                       0                   154  


------------------------------------------------------------------------------------------------
| Inter Clock Table
| -----------------
------------------------------------------------------------------------------------------------

From Clock    To Clock          WNS(ns)      TNS(ns)  TNS Failing Endpoints  TNS Total Endpoints      WHS(ns)      THS(ns)  THS Failing Endpoints  THS Total Endpoints  
----------    --------          -------      -------  ---------------------  -------------------      -------      -------  ---------------------  -------------------  


------------------------------------------------------------------------------------------------
| Other Path Groups Table
| -----------------------
------------------------------------------------------------------------------------------------

Path Group    From Clock    To Clock          WNS(ns)      TNS(ns)  TNS Failing Endpoints  TNS Total Endpoints      WHS(ns)      THS(ns)  THS Failing Endpoints  THS Total Endpoints  
----------    ----------    --------          -------      -------  ---------------------  -------------------      -------      -------  ---------------------  -------------------  


------------------------------------------------------------------------------------------------
| Timing Details
| --------------
------------------------------------------------------------------------------------------------


---------------------------------------------------------------------------------------------------
From Clock:  ap_clk
  To Clock:  ap_clk

Setup :            0  Failing Endpoints,  Worst Slack        3.502ns,  Total Violation        0.000ns
Hold  :            0  Failing Endpoints,  Worst Slack        0.303ns,  Total Violation        0.000ns
PW    :            0  Failing Endpoints,  Worst Slack        4.500ns,  Total Violation        0.000ns
---------------------------------------------------------------------------------------------------


Max Delay Paths
--------------------------------------------------------------------------------------
Slack (MET) :             3.502ns  (required time - arrival time)
  Source:                 bd_0_i/hls_inst/inst/fp_sop_mac_muladdcud_U32/fp_sop_mac_muladdcud_DSP48_1_U/p/CLK
                            (rising edge-triggered cell DSP48E1 clocked by ap_clk  {rise@0.000ns fall@5.000ns period=10.000ns})
  Destination:            bd_0_i/hls_inst/inst/add_ln178_44_reg_1882_reg[13]/D
                            (rising edge-triggered cell FDRE clocked by ap_clk  {rise@0.000ns fall@5.000ns period=10.000ns})
  Path Group:             ap_clk
  Path Type:              Setup (Max at Slow Process Corner)
  Requirement:            10.000ns  (ap_clk rise@10.000ns - ap_clk rise@0.000ns)
  Data Path Delay:        6.490ns  (logic 5.170ns (79.663%)  route 1.320ns (20.337%))
  Logic Levels:           4  (CARRY4=2 LUT3=1 LUT4=1)
  Clock Path Skew:        -0.049ns (DCD - SCD + CPR)
    Destination Clock Delay (DCD):    0.924ns = ( 10.924 - 10.000 ) 
    Source Clock Delay      (SCD):    0.973ns
    Clock Pessimism Removal (CPR):    0.000ns
  Clock Uncertainty:      0.035ns  ((TSJ^2 + TIJ^2)^1/2 + DJ) / 2 + PE
    Total System Jitter     (TSJ):    0.071ns
    Total Input Jitter      (TIJ):    0.000ns
    Discrete Jitter          (DJ):    0.000ns
    Phase Error              (PE):    0.000ns

    Location             Delay type                Incr(ns)  Path(ns)    Netlist Resource(s)
  -------------------------------------------------------------------    -------------------
                         (clock ap_clk rise edge)     0.000     0.000 r  
                                                      0.000     0.000 r  ap_clk (IN)
                         net (fo=162, unset)          0.973     0.973    bd_0_i/hls_inst/inst/fp_sop_mac_muladdcud_U32/fp_sop_mac_muladdcud_DSP48_1_U/ap_clk
                         DSP48E1                                      r  bd_0_i/hls_inst/inst/fp_sop_mac_muladdcud_U32/fp_sop_mac_muladdcud_DSP48_1_U/p/CLK
  -------------------------------------------------------------------    -------------------
                         DSP48E1 (Prop_dsp48e1_CLK_P[10])
                                                      4.009     4.982 r  bd_0_i/hls_inst/inst/fp_sop_mac_muladdcud_U32/fp_sop_mac_muladdcud_DSP48_1_U/p/P[10]
                         net (fo=2, unplaced)         0.803     5.785    bd_0_i/hls_inst/inst/fp_sop_mac_muladdcud_U32/fp_sop_mac_muladdcud_DSP48_1_U/p_n_95
                         LUT3 (Prop_lut3_I2_O)        0.117     5.902 r  bd_0_i/hls_inst/inst/fp_sop_mac_muladdcud_U32/fp_sop_mac_muladdcud_DSP48_1_U/add_ln178_44_reg_1882[11]_i_2/O
                         net (fo=2, unplaced)         0.517     6.419    bd_0_i/hls_inst/inst/fp_sop_mac_muladdcud_U32/fp_sop_mac_muladdcud_DSP48_1_U/add_ln178_44_reg_1882[11]_i_2_n_0
                         LUT4 (Prop_lut4_I3_O)        0.331     6.750 r  bd_0_i/hls_inst/inst/fp_sop_mac_muladdcud_U32/fp_sop_mac_muladdcud_DSP48_1_U/add_ln178_44_reg_1882[11]_i_6/O
                         net (fo=1, unplaced)         0.000     6.750    bd_0_i/hls_inst/inst/fp_sop_mac_muladdcud_U32/fp_sop_mac_muladdcud_DSP48_1_U/add_ln178_44_reg_1882[11]_i_6_n_0
                         CARRY4 (Prop_carry4_S[3]_CO[3])
                                                      0.376     7.126 r  bd_0_i/hls_inst/inst/fp_sop_mac_muladdcud_U32/fp_sop_mac_muladdcud_DSP48_1_U/add_ln178_44_reg_1882_reg[11]_i_1/CO[3]
                         net (fo=1, unplaced)         0.000     7.126    bd_0_i/hls_inst/inst/fp_sop_mac_muladdcud_U32/fp_sop_mac_muladdcud_DSP48_1_U/add_ln178_44_reg_1882_reg[11]_i_1_n_0
                         CARRY4 (Prop_carry4_CI_O[1])
                                                      0.337     7.463 r  bd_0_i/hls_inst/inst/fp_sop_mac_muladdcud_U32/fp_sop_mac_muladdcud_DSP48_1_U/add_ln178_44_reg_1882_reg[15]_i_1/O[1]
                         net (fo=1, unplaced)         0.000     7.463    bd_0_i/hls_inst/inst/add_ln178_44_fu_1295_p2[13]
                         FDRE                                         r  bd_0_i/hls_inst/inst/add_ln178_44_reg_1882_reg[13]/D
  -------------------------------------------------------------------    -------------------

                         (clock ap_clk rise edge)    10.000    10.000 r  
                                                      0.000    10.000 r  ap_clk (IN)
                         net (fo=162, unset)          0.924    10.924    bd_0_i/hls_inst/inst/ap_clk
                         FDRE                                         r  bd_0_i/hls_inst/inst/add_ln178_44_reg_1882_reg[13]/C
                         clock pessimism              0.000    10.924    
                         clock uncertainty           -0.035    10.889    
                         FDRE (Setup_fdre_C_D)        0.076    10.965    bd_0_i/hls_inst/inst/add_ln178_44_reg_1882_reg[13]
  -------------------------------------------------------------------
                         required time                         10.965    
                         arrival time                          -7.463    
  -------------------------------------------------------------------
                         slack                                  3.502    





Min Delay Paths
--------------------------------------------------------------------------------------
Slack (MET) :             0.303ns  (arrival time - required time)
  Source:                 bd_0_i/hls_inst/inst/add_ln178_9_reg_1842_reg[12]/C
                            (rising edge-triggered cell FDRE clocked by ap_clk  {rise@0.000ns fall@5.000ns period=10.000ns})
  Destination:            bd_0_i/hls_inst/inst/add_ln178_10_reg_1887_reg[13]/D
                            (rising edge-triggered cell FDRE clocked by ap_clk  {rise@0.000ns fall@5.000ns period=10.000ns})
  Path Group:             ap_clk
  Path Type:              Hold (Min at Fast Process Corner)
  Requirement:            0.000ns  (ap_clk rise@0.000ns - ap_clk rise@0.000ns)
  Data Path Delay:        0.437ns  (logic 0.292ns (66.754%)  route 0.145ns (33.246%))
  Logic Levels:           1  (CARRY4=1)
  Clock Path Skew:        0.022ns (DCD - SCD - CPR)
    Destination Clock Delay (DCD):    0.432ns
    Source Clock Delay      (SCD):    0.410ns
    Clock Pessimism Removal (CPR):    -0.000ns

    Location             Delay type                Incr(ns)  Path(ns)    Netlist Resource(s)
  -------------------------------------------------------------------    -------------------
                         (clock ap_clk rise edge)     0.000     0.000 r  
                                                      0.000     0.000 r  ap_clk (IN)
                         net (fo=162, unset)          0.410     0.410    bd_0_i/hls_inst/inst/ap_clk
                         FDRE                                         r  bd_0_i/hls_inst/inst/add_ln178_9_reg_1842_reg[12]/C
  -------------------------------------------------------------------    -------------------
                         FDRE (Prop_fdre_C_Q)         0.147     0.557 r  bd_0_i/hls_inst/inst/add_ln178_9_reg_1842_reg[12]/Q
                         net (fo=2, unplaced)         0.145     0.703    bd_0_i/hls_inst/inst/add_ln178_9_reg_1842[12]
                         CARRY4 (Prop_carry4_DI[0]_O[1])
                                                      0.145     0.848 r  bd_0_i/hls_inst/inst/add_ln178_10_reg_1887_reg[15]_i_1/O[1]
                         net (fo=1, unplaced)         0.000     0.848    bd_0_i/hls_inst/inst/add_ln178_10_fu_1304_p2[13]
                         FDRE                                         r  bd_0_i/hls_inst/inst/add_ln178_10_reg_1887_reg[13]/D
  -------------------------------------------------------------------    -------------------

                         (clock ap_clk rise edge)     0.000     0.000 r  
                                                      0.000     0.000 r  ap_clk (IN)
                         net (fo=162, unset)          0.432     0.432    bd_0_i/hls_inst/inst/ap_clk
                         FDRE                                         r  bd_0_i/hls_inst/inst/add_ln178_10_reg_1887_reg[13]/C
                         clock pessimism              0.000     0.432    
                         FDRE (Hold_fdre_C_D)         0.113     0.545    bd_0_i/hls_inst/inst/add_ln178_10_reg_1887_reg[13]
  -------------------------------------------------------------------
                         required time                         -0.545    
                         arrival time                           0.848    
  -------------------------------------------------------------------
                         slack                                  0.303    





Pulse Width Checks
--------------------------------------------------------------------------------------
Clock Name:         ap_clk
Waveform(ns):       { 0.000 5.000 }
Period(ns):         10.000
Sources:            { ap_clk }

Check Type        Corner  Lib Pin      Reference Pin  Required(ns)  Actual(ns)  Slack(ns)  Location  Pin
Min Period        n/a     DSP48E1/CLK  n/a            3.884         10.000      6.116                bd_0_i/hls_inst/inst/add_ln178_3_reg_1837_reg/CLK
Low Pulse Width   Fast    FDRE/C       n/a            0.500         5.000       4.500                bd_0_i/hls_inst/inst/add_ln178_32_reg_1867_reg[0]/C
High Pulse Width  Slow    FDRE/C       n/a            0.500         5.000       4.500                bd_0_i/hls_inst/inst/add_ln178_32_reg_1867_reg[0]/C



